app/build/intermediates/manifest_merge_blame_file/release/processReleaseMainManifest/manifest-merger-blame-release-report.txt
1<?xml version="1.0" encoding="utf-8"?>
2<!--
3    Copyright 2019 Google Inc. All Rights Reserved.
4
5     Licensed under the Apache License, Version 2.0 (the "License");
6     you may not use this file except in compliance with the License.
7     You may obtain a copy of the License at
8
9         http://www.apache.org/licenses/LICENSE-2.0
10
11     Unless required by applicable law or agreed to in writing, software
12     distributed under the License is distributed on an "AS IS" BASIS,
13     WITHOUT WARRANTIES OR CONDITIONS OF ANY KIND, either express or implied.
14     See the License for the specific language governing permissions and
15     limitations under the License.
16-->
17<!--
18 The "package" attribute is rewritten by the Gradle build with the value of applicationId.
19     It is still required here, as it is used to derive paths, for instance when referring
20     to an Activity by ".MyActivity" instead of the full name. If more Activities are added to the
21     application, the package attribute will need to reflect the correct path in order to use
22     the abbreviated format.
23-->
24<manifest xmlns:android="http://schemas.android.com/apk/res/android"
25    package="app.vercel.next14_pwa.twa"
26    android:versionCode="1"
27    android:versionName="1" >
28
29    <uses-sdk
30        android:minSdkVersion="19"
31        android:targetSdkVersion="35" />
32
33    <uses-permission android:name="android.permission.POST_NOTIFICATIONS" />
33-->src/main/AndroidManifest.xml:26:9-80
33-->src/main/AndroidManifest.xml:26:26-78
34    <uses-permission android:name="com.google.android.gms.permission.AD_ID" />
34-->src/main/AndroidManifest.xml:27:9-82
34-->src/main/AndroidManifest.xml:27:26-80
35    <uses-permission android:name="android.permission.ACCESS_FINE_LOCATION" />
35-->[com.google.androidbrowserhelper:locationdelegation:1.1.1] AndroidManifest.xml:11:5-79
35-->[com.google.androidbrowserhelper:locationdelegation:1.1.1] AndroidManifest.xml:11:22-76
36    <uses-permission android:name="android.permission.ACCESS_COARSE_LOCATION" />
36-->[com.google.androidbrowserhelper:locationdelegation:1.1.1] AndroidManifest.xml:12:5-81
36-->[com.google.androidbrowserhelper:locationdelegation:1.1.1] AndroidManifest.xml:12:22-78
37
38    <queries>
38-->[com.google.androidbrowserhelper:androidbrowserhelper:2.5.0] AndroidManifest.xml:26:5-34:15
39        <intent>
39-->[com.google.androidbrowserhelper:androidbrowserhelper:2.5.0] AndroidManifest.xml:27:9-33:18
40            <action android:name="android.intent.action.VIEW" />
40-->src/main/AndroidManifest.xml:146:17-68
40-->src/main/AndroidManifest.xml:146:25-66
41
42            <category android:name="android.intent.category.BROWSABLE" />
42-->src/main/AndroidManifest.xml:148:17-77
42-->src/main/AndroidManifest.xml:148:27-75
43
44            <data android:scheme="https" />
44-->src/main/AndroidManifest.xml:149:17-150:54
44-->src/main/AndroidManifest.xml:149:23-45
45        </intent>
46
47        <package android:name="com.farsitel.bazaar" />
47-->[ir.metrix:referrer:2.2.8] AndroidManifest.xml:10:9-55
47-->[ir.metrix:referrer:2.2.8] AndroidManifest.xml:10:18-52
48    </queries>
49
50    <uses-permission android:name="com.farsitel.bazaar.permission.REFERRER" />
50-->[ir.metrix:referrer:2.2.8] AndroidManifest.xml:13:5-79
50-->[ir.metrix:referrer:2.2.8] AndroidManifest.xml:13:22-76
51    <uses-permission android:name="android.permission.INTERNET" />
51-->[ir.metrix:core:2.2.8] AndroidManifest.xml:9:5-67
51-->[ir.metrix:core:2.2.8] AndroidManifest.xml:9:22-64
52    <uses-permission android:name="android.permission.ACCESS_NETWORK_STATE" />
52-->[ir.metrix:core:2.2.8] AndroidManifest.xml:10:5-79
52-->[ir.metrix:core:2.2.8] AndroidManifest.xml:10:22-76
53    <uses-permission android:name="android.permission.WAKE_LOCK" />
53-->[androidx.work:work-runtime:2.7.1] AndroidManifest.xml:25:5-68
53-->[androidx.work:work-runtime:2.7.1] AndroidManifest.xml:25:22-65
54    <uses-permission android:name="android.permission.RECEIVE_BOOT_COMPLETED" />
54-->[androidx.work:work-runtime:2.7.1] AndroidManifest.xml:27:5-81
54-->[androidx.work:work-runtime:2.7.1] AndroidManifest.xml:27:22-78
55    <uses-permission android:name="android.permission.FOREGROUND_SERVICE" />
55-->[androidx.work:work-runtime:2.7.1] AndroidManifest.xml:28:5-77
55-->[androidx.work:work-runtime:2.7.1] AndroidManifest.xml:28:22-74
56    <uses-permission android:name="com.google.android.finsky.permission.BIND_GET_INSTALL_REFERRER_SERVICE" />
56-->[com.android.installreferrer:installreferrer:2.1] AndroidManifest.xml:9:5-110
56-->[com.android.installreferrer:installreferrer:2.1] AndroidManifest.xml:9:22-107
57
58    <application
58-->src/main/AndroidManifest.xml:37:5-196:19
59        android:name="app.vercel.next14_pwa.twa.Application"
59-->src/main/AndroidManifest.xml:38:9-35
60        android:allowBackup="true"
60-->src/main/AndroidManifest.xml:39:9-35
61        android:appComponentFactory="androidx.core.app.CoreComponentFactory"
61-->[androidx.core:core:1.6.0] AndroidManifest.xml:24:18-86
62        android:extractNativeLibs="true"
63        android:icon="@mipmap/ic_launcher"
63-->src/main/AndroidManifest.xml:40:9-43
64        android:label="@string/appName"
64-->src/main/AndroidManifest.xml:41:9-40
65        android:manageSpaceActivity="com.google.androidbrowserhelper.trusted.ManageDataLauncherActivity"
65-->src/main/AndroidManifest.xml:43:9-105
66        android:supportsRtl="true"
66-->src/main/AndroidManifest.xml:45:9-35
67        android:theme="@android:style/Theme.Translucent.NoTitleBar" >
67-->src/main/AndroidManifest.xml:46:9-68
68        <meta-data
68-->src/main/AndroidManifest.xml:48:9-50:58
69            android:name="asset_statements"
69-->src/main/AndroidManifest.xml:49:13-44
70            android:resource="@string/assetStatements" />
70-->src/main/AndroidManifest.xml:50:13-55
71        <meta-data
71-->src/main/AndroidManifest.xml:53:13-55:58
72            android:name="web_manifest_url"
72-->src/main/AndroidManifest.xml:54:17-48
73            android:value="@string/webManifestUrl" />
73-->src/main/AndroidManifest.xml:55:17-55
74        <meta-data
74-->src/main/AndroidManifest.xml:58:9-60:52
75            android:name="twa_generator"
75-->src/main/AndroidManifest.xml:59:13-41
76            android:value="@string/generatorApp" />
76-->src/main/AndroidManifest.xml:60:13-49
77
78        <activity android:name="com.google.androidbrowserhelper.trusted.ManageDataLauncherActivity" >
78-->src/main/AndroidManifest.xml:67:13-71:24
78-->src/main/AndroidManifest.xml:67:23-104
79            <meta-data
79-->src/main/AndroidManifest.xml:68:13-70:53
80                android:name="android.support.customtabs.trusted.MANAGE_SPACE_URL"
80-->src/main/AndroidManifest.xml:69:17-83
81                android:value="@string/launchUrl" />
81-->src/main/AndroidManifest.xml:70:17-50
82        </activity>
83        <activity
83-->src/main/AndroidManifest.xml:74:9-154:20
84            android:name="app.vercel.next14_pwa.twa.LauncherActivity"
84-->src/main/AndroidManifest.xml:74:19-50
85            android:alwaysRetainTaskState="true"
85-->src/main/AndroidManifest.xml:75:13-49
86            android:exported="true"
86-->src/main/AndroidManifest.xml:77:13-36
87            android:label="@string/launcherName" >
87-->src/main/AndroidManifest.xml:76:13-49
88            <meta-data
88-->src/main/AndroidManifest.xml:78:13-79:53
89                android:name="android.support.customtabs.trusted.DEFAULT_URL"
89-->src/main/AndroidManifest.xml:78:24-85
90                android:value="@string/launchUrl" />
90-->src/main/AndroidManifest.xml:79:17-50
91            <meta-data
91-->src/main/AndroidManifest.xml:81:13-83:55
92                android:name="ir.metrix.APPLICATION_ID"
92-->src/main/AndroidManifest.xml:82:21-60
93                android:value="mtvptknnnqjcqjj" />
93-->src/main/AndroidManifest.xml:83:21-52
94            <meta-data
94-->src/main/AndroidManifest.xml:84:13-86:72
95                android:name="ir.metrix.API_KEY"
95-->src/main/AndroidManifest.xml:85:17-49
96                android:value="82a94133-bae2-4793-aeeb-dc11f8ddb211" />
96-->src/main/AndroidManifest.xml:86:17-69
97            <meta-data
97-->src/main/AndroidManifest.xml:88:13-90:58
98                android:name="android.support.customtabs.trusted.STATUS_BAR_COLOR"
98-->src/main/AndroidManifest.xml:89:17-83
99                android:resource="@color/colorPrimary" />
99-->src/main/AndroidManifest.xml:90:17-55
100            <meta-data
100-->src/main/AndroidManifest.xml:92:13-94:62
101                android:name="android.support.customtabs.trusted.STATUS_BAR_COLOR_DARK"
101-->src/main/AndroidManifest.xml:93:17-88
102                android:resource="@color/colorPrimaryDark" />
102-->src/main/AndroidManifest.xml:94:17-59
103            <meta-data
103-->src/main/AndroidManifest.xml:96:13-98:61
104                android:name="android.support.customtabs.trusted.NAVIGATION_BAR_COLOR"
104-->src/main/AndroidManifest.xml:97:17-87
105                android:resource="@color/navigationColor" />
105-->src/main/AndroidManifest.xml:98:17-58
106            <meta-data
106-->src/main/AndroidManifest.xml:100:13-102:65
107                android:name="android.support.customtabs.trusted.NAVIGATION_BAR_COLOR_DARK"
107-->src/main/AndroidManifest.xml:101:17-92
108                android:resource="@color/navigationColorDark" />
108-->src/main/AndroidManifest.xml:102:17-62
109            <meta-data
109-->src/main/AndroidManifest.xml:104:13-106:68
110                android:name="androix.browser.trusted.NAVIGATION_BAR_DIVIDER_COLOR"
110-->src/main/AndroidManifest.xml:105:17-84
111                android:resource="@color/navigationDividerColor" />
111-->src/main/AndroidManifest.xml:106:17-65
112            <meta-data
112-->src/main/AndroidManifest.xml:108:13-110:72
113                android:name="androix.browser.trusted.NAVIGATION_BAR_DIVIDER_COLOR_DARK"
113-->src/main/AndroidManifest.xml:109:17-89
114                android:resource="@color/navigationDividerColorDark" />
114-->src/main/AndroidManifest.xml:110:17-69
115            <meta-data
115-->src/main/AndroidManifest.xml:112:13-113:54
116                android:name="android.support.customtabs.trusted.SPLASH_IMAGE_DRAWABLE"
116-->src/main/AndroidManifest.xml:112:24-95
117                android:resource="@drawable/splash" />
117-->src/main/AndroidManifest.xml:113:17-52
118            <meta-data
118-->src/main/AndroidManifest.xml:115:13-116:60
119                android:name="android.support.customtabs.trusted.SPLASH_SCREEN_BACKGROUND_COLOR"
119-->src/main/AndroidManifest.xml:115:24-104
120                android:resource="@color/backgroundColor" />
120-->src/main/AndroidManifest.xml:116:17-58
121            <meta-data
121-->src/main/AndroidManifest.xml:118:13-119:71
122                android:name="android.support.customtabs.trusted.SPLASH_SCREEN_FADE_OUT_DURATION"
122-->src/main/AndroidManifest.xml:118:24-105
123                android:value="@integer/splashScreenFadeOutDuration" />
123-->src/main/AndroidManifest.xml:119:17-69
124            <meta-data
124-->src/main/AndroidManifest.xml:121:13-122:60
125                android:name="android.support.customtabs.trusted.FILE_PROVIDER_AUTHORITY"
125-->src/main/AndroidManifest.xml:121:24-97
126                android:value="@string/providerAuthority" />
126-->src/main/AndroidManifest.xml:122:17-58
127            <meta-data
127-->src/main/AndroidManifest.xml:124:13-97
128                android:name="android.app.shortcuts"
128-->src/main/AndroidManifest.xml:124:24-60
129                android:resource="@xml/shortcuts" />
129-->src/main/AndroidManifest.xml:124:61-94
130            <meta-data
130-->src/main/AndroidManifest.xml:126:13-127:56
131                android:name="android.support.customtabs.trusted.FALLBACK_STRATEGY"
131-->src/main/AndroidManifest.xml:126:24-91
132                android:value="@string/fallbackType" />
132-->src/main/AndroidManifest.xml:127:17-53
133            <meta-data
133-->src/main/AndroidManifest.xml:133:13-134:54
134                android:name="android.support.customtabs.trusted.SCREEN_ORIENTATION"
134-->src/main/AndroidManifest.xml:133:24-92
135                android:value="@string/orientation" />
135-->src/main/AndroidManifest.xml:134:17-52
136
137            <intent-filter>
137-->src/main/AndroidManifest.xml:140:13-143:29
138                <action android:name="android.intent.action.MAIN" />
138-->src/main/AndroidManifest.xml:141:17-69
138-->src/main/AndroidManifest.xml:141:25-66
139
140                <category android:name="android.intent.category.LAUNCHER" />
140-->src/main/AndroidManifest.xml:142:17-77
140-->src/main/AndroidManifest.xml:142:27-74
141            </intent-filter>
142            <intent-filter android:autoVerify="true" >
142-->src/main/AndroidManifest.xml:145:13-151:29
142-->src/main/AndroidManifest.xml:145:28-53
143                <action android:name="android.intent.action.VIEW" />
143-->src/main/AndroidManifest.xml:146:17-68
143-->src/main/AndroidManifest.xml:146:25-66
144
145                <category android:name="android.intent.category.DEFAULT" />
145-->src/main/AndroidManifest.xml:147:17-76
145-->src/main/AndroidManifest.xml:147:27-73
146                <category android:name="android.intent.category.BROWSABLE" />
146-->src/main/AndroidManifest.xml:148:17-77
146-->src/main/AndroidManifest.xml:148:27-75
147
148                <data
148-->src/main/AndroidManifest.xml:149:17-150:54
149                    android:host="@string/hostName"
149-->src/main/AndroidManifest.xml:150:21-52
150                    android:scheme="https" />
150-->src/main/AndroidManifest.xml:149:23-45
151            </intent-filter>
152        </activity>
153        <activity android:name="com.google.androidbrowserhelper.trusted.FocusActivity" />
153-->src/main/AndroidManifest.xml:156:9-90
153-->src/main/AndroidManifest.xml:156:19-87
154        <activity
154-->src/main/AndroidManifest.xml:158:9-159:62
155            android:name="com.google.androidbrowserhelper.trusted.WebViewFallbackActivity"
155-->src/main/AndroidManifest.xml:158:19-97
156            android:configChanges="orientation|screenSize" />
156-->src/main/AndroidManifest.xml:159:13-59
157
158        <provider
158-->src/main/AndroidManifest.xml:161:9-169:20
159            android:name="androidx.core.content.FileProvider"
159-->src/main/AndroidManifest.xml:162:13-62
160            android:authorities="@string/providerAuthority"
160-->src/main/AndroidManifest.xml:163:13-60
161            android:exported="false"
161-->src/main/AndroidManifest.xml:165:13-37
162            android:grantUriPermissions="true" >
162-->src/main/AndroidManifest.xml:164:13-47
163            <meta-data
163-->src/main/AndroidManifest.xml:166:13-168:53
164                android:name="android.support.FILE_PROVIDER_PATHS"
164-->src/main/AndroidManifest.xml:167:17-67
165                android:resource="@xml/filepaths" />
165-->src/main/AndroidManifest.xml:168:17-50
166        </provider>
167
168        <service
168-->src/main/AndroidManifest.xml:171:9-186:19
169            android:name="app.vercel.next14_pwa.twa.DelegationService"
169-->src/main/AndroidManifest.xml:172:13-46
170            android:enabled="@bool/enableNotification"
170-->src/main/AndroidManifest.xml:173:13-55
171            android:exported="@bool/enableNotification" >
171-->src/main/AndroidManifest.xml:174:13-56
172            <meta-data
172-->src/main/AndroidManifest.xml:177:17-179:73
173                android:name="android.support.customtabs.trusted.SMALL_ICON"
173-->src/main/AndroidManifest.xml:178:21-81
174                android:resource="@drawable/ic_notification_icon" />
174-->src/main/AndroidManifest.xml:179:21-70
175
176            <intent-filter>
176-->src/main/AndroidManifest.xml:182:13-185:29
177                <action android:name="android.support.customtabs.trusted.TRUSTED_WEB_ACTIVITY_SERVICE" />
177-->src/main/AndroidManifest.xml:183:17-105
177-->src/main/AndroidManifest.xml:183:25-103
178
179                <category android:name="android.intent.category.DEFAULT" />
179-->src/main/AndroidManifest.xml:147:17-76
179-->src/main/AndroidManifest.xml:147:27-73
180            </intent-filter>
181        </service>
182
183        <activity android:name="com.google.androidbrowserhelper.trusted.NotificationPermissionRequestActivity" />
183-->src/main/AndroidManifest.xml:189:13-118
183-->src/main/AndroidManifest.xml:189:23-115
184        <activity android:name="com.google.androidbrowserhelper.locationdelegation.PermissionRequestActivity" />
184-->src/main/AndroidManifest.xml:193:13-194:89
184-->src/main/AndroidManifest.xml:193:23-123
185        <activity
185-->[com.google.android.gms:play-services-base:18.1.0] AndroidManifest.xml:20:9-22:45
186            android:name="com.google.android.gms.common.api.GoogleApiActivity"
186-->[com.google.android.gms:play-services-base:18.1.0] AndroidManifest.xml:20:19-85
187            android:exported="false"
187-->[com.google.android.gms:play-services-base:18.1.0] AndroidManifest.xml:22:19-43
188            android:theme="@android:style/Theme.Translucent.NoTitleBar" />
188-->[com.google.android.gms:play-services-base:18.1.0] AndroidManifest.xml:21:19-78
189
190        <meta-data
190-->[com.google.android.gms:play-services-basement:18.1.0] AndroidManifest.xml:21:9-23:69
191            android:name="com.google.android.gms.version"
191-->[com.google.android.gms:play-services-basement:18.1.0] AndroidManifest.xml:22:13-58
192            android:value="@integer/google_play_services_version" />
192-->[com.google.android.gms:play-services-basement:18.1.0] AndroidManifest.xml:23:13-66
193
194        <receiver
194-->[ir.metrix:referrer:2.2.8] AndroidManifest.xml:16:9-22:20
195            android:name="ir.metrix.referrer.cafebazaar.communicators.broadcast.ClientReceiver"
195-->[ir.metrix:referrer:2.2.8] AndroidManifest.xml:17:13-96
196            android:exported="true" >
196-->[ir.metrix:referrer:2.2.8] AndroidManifest.xml:18:13-36
197            <intent-filter>
197-->[ir.metrix:referrer:2.2.8] AndroidManifest.xml:19:13-21:29
198                <action android:name="com.farsitel.bazaar.referrer.get" />
198-->[ir.metrix:referrer:2.2.8] AndroidManifest.xml:20:17-75
198-->[ir.metrix:referrer:2.2.8] AndroidManifest.xml:20:25-72
199            </intent-filter>
200        </receiver>
201
202        <provider
202-->[ir.metrix:core:2.2.8] AndroidManifest.xml:14:9-18:40
203            android:name="ir.metrix.internal.init.Initializer"
203-->[ir.metrix:core:2.2.8] AndroidManifest.xml:15:13-63
204            android:authorities="app.vercel.next14_pwa.twa.metrixinitializer"
204-->[ir.metrix:core:2.2.8] AndroidManifest.xml:16:13-69
205            android:enabled="true"
205-->[ir.metrix:core:2.2.8] AndroidManifest.xml:17:13-35
206            android:exported="false" />
206-->[ir.metrix:core:2.2.8] AndroidManifest.xml:18:13-37
207        <provider
207-->[androidx.work:work-runtime:2.7.1] AndroidManifest.xml:31:9-39:20
208            android:name="androidx.startup.InitializationProvider"
208-->[androidx.work:work-runtime:2.7.1] AndroidManifest.xml:32:13-67
209            android:authorities="app.vercel.next14_pwa.twa.androidx-startup"
209-->[androidx.work:work-runtime:2.7.1] AndroidManifest.xml:33:13-68
210            android:exported="false" >
210-->[androidx.work:work-runtime:2.7.1] AndroidManifest.xml:34:13-37
211            <meta-data
211-->[androidx.work:work-runtime:2.7.1] AndroidManifest.xml:36:13-38:52
212                android:name="androidx.work.WorkManagerInitializer"
212-->[androidx.work:work-runtime:2.7.1] AndroidManifest.xml:37:17-68
213                android:value="androidx.startup" />
213-->[androidx.work:work-runtime:2.7.1] AndroidManifest.xml:38:17-49
214        </provider>
215
216        <service
216-->[androidx.work:work-runtime:2.7.1] AndroidManifest.xml:41:9-46:35
217            android:name="androidx.work.impl.background.systemalarm.SystemAlarmService"
217-->[androidx.work:work-runtime:2.7.1] AndroidManifest.xml:42:13-88
218            android:directBootAware="false"
218-->[androidx.work:work-runtime:2.7.1] AndroidManifest.xml:43:13-44
219            android:enabled="@bool/enable_system_alarm_service_default"
219-->[androidx.work:work-runtime:2.7.1] AndroidManifest.xml:44:13-72
220            android:exported="false" />
220-->[androidx.work:work-runtime:2.7.1] AndroidManifest.xml:45:13-37
221        <service
221-->[androidx.work:work-runtime:2.7.1] AndroidManifest.xml:47:9-53:35
222            android:name="androidx.work.impl.background.systemjob.SystemJobService"
222-->[androidx.work:work-runtime:2.7.1] AndroidManifest.xml:48:13-84
223            android:directBootAware="false"
223-->[androidx.work:work-runtime:2.7.1] AndroidManifest.xml:49:13-44
224            android:enabled="@bool/enable_system_job_service_default"
224-->[androidx.work:work-runtime:2.7.1] AndroidManifest.xml:50:13-70
225            android:exported="true"
225-->[androidx.work:work-runtime:2.7.1] AndroidManifest.xml:51:13-36
226            android:permission="android.permission.BIND_JOB_SERVICE" />
226-->[androidx.work:work-runtime:2.7.1] AndroidManifest.xml:52:13-69
227        <service
227-->[androidx.work:work-runtime:2.7.1] AndroidManifest.xml:54:9-59:35
228            android:name="androidx.work.impl.foreground.SystemForegroundService"
228-->[androidx.work:work-runtime:2.7.1] AndroidManifest.xml:55:13-81
229            android:directBootAware="false"
229-->[androidx.work:work-runtime:2.7.1] AndroidManifest.xml:56:13-44
230            android:enabled="@bool/enable_system_foreground_service_default"
230-->[androidx.work:work-runtime:2.7.1] AndroidManifest.xml:57:13-77
231            android:exported="false" />
231-->[androidx.work:work-runtime:2.7.1] AndroidManifest.xml:58:13-37
232
233        <receiver
233-->[androidx.work:work-runtime:2.7.1] AndroidManifest.xml:61:9-66:35
234            android:name="androidx.work.impl.utils.ForceStopRunnable$BroadcastReceiver"
234-->[androidx.work:work-runtime:2.7.1] AndroidManifest.xml:62:13-88
235            android:directBootAware="false"
235-->[androidx.work:work-runtime:2.7.1] AndroidManifest.xml:63:13-44
236            android:enabled="true"
236-->[androidx.work:work-runtime:2.7.1] AndroidManifest.xml:64:13-35
237            android:exported="false" />
237-->[androidx.work:work-runtime:2.7.1] AndroidManifest.xml:65:13-37
238        <receiver
238-->[androidx.work:work-runtime:2.7.1] AndroidManifest.xml:67:9-77:20
239            android:name="androidx.work.impl.background.systemalarm.ConstraintProxy$BatteryChargingProxy"
239-->[androidx.work:work-runtime:2.7.1] AndroidManifest.xml:68:13-106
240            android:directBootAware="false"
240-->[androidx.work:work-runtime:2.7.1] AndroidManifest.xml:69:13-44
241            android:enabled="false"
241-->[androidx.work:work-runtime:2.7.1] AndroidManifest.xml:70:13-36
242            android:exported="false" >
242-->[androidx.work:work-runtime:2.7.1] AndroidManifest.xml:71:13-37
243            <intent-filter>
243-->[androidx.work:work-runtime:2.7.1] AndroidManifest.xml:73:13-76:29
244                <action android:name="android.intent.action.ACTION_POWER_CONNECTED" />
244-->[androidx.work:work-runtime:2.7.1] AndroidManifest.xml:74:17-87
244-->[androidx.work:work-runtime:2.7.1] AndroidManifest.xml:74:25-84
245                <action android:name="android.intent.action.ACTION_POWER_DISCONNECTED" />
245-->[androidx.work:work-runtime:2.7.1] AndroidManifest.xml:75:17-90
245-->[androidx.work:work-runtime:2.7.1] AndroidManifest.xml:75:25-87
246            </intent-filter>
247        </receiver>
248        <receiver
248-->[androidx.work:work-runtime:2.7.1] AndroidManifest.xml:78:9-88:20
249            android:name="androidx.work.impl.background.systemalarm.ConstraintProxy$BatteryNotLowProxy"
249-->[androidx.work:work-runtime:2.7.1] AndroidManifest.xml:79:13-104
250            android:directBootAware="false"
250-->[androidx.work:work-runtime:2.7.1] AndroidManifest.xml:80:13-44
251            android:enabled="false"
251-->[androidx.work:work-runtime:2.7.1] AndroidManifest.xml:81:13-36
252            android:exported="false" >
252-->[androidx.work:work-runtime:2.7.1] AndroidManifest.xml:82:13-37
253            <intent-filter>
253-->[androidx.work:work-runtime:2.7.1] AndroidManifest.xml:84:13-87:29
254                <action android:name="android.intent.action.BATTERY_OKAY" />
254-->[androidx.work:work-runtime:2.7.1] AndroidManifest.xml:85:17-77
254-->[androidx.work:work-runtime:2.7.1] AndroidManifest.xml:85:25-74
255                <action android:name="android.intent.action.BATTERY_LOW" />
255-->[androidx.work:work-runtime:2.7.1] AndroidManifest.xml:86:17-76
255-->[androidx.work:work-runtime:2.7.1] AndroidManifest.xml:86:25-73
256            </intent-filter>
257        </receiver>
258        <receiver
258-->[androidx.work:work-runtime:2.7.1] AndroidManifest.xml:89:9-99:20
259            android:name="androidx.work.impl.background.systemalarm.ConstraintProxy$StorageNotLowProxy"
259-->[androidx.work:work-runtime:2.7.1] AndroidManifest.xml:90:13-104
260            android:directBootAware="false"
260-->[androidx.work:work-runtime:2.7.1] AndroidManifest.xml:91:13-44
261            android:enabled="false"
261-->[androidx.work:work-runtime:2.7.1] AndroidManifest.xml:92:13-36
262            android:exported="false" >
262-->[androidx.work:work-runtime:2.7.1] AndroidManifest.xml:93:13-37
263            <intent-filter>
263-->[androidx.work:work-runtime:2.7.1] AndroidManifest.xml:95:13-98:29
264                <action android:name="android.intent.action.DEVICE_STORAGE_LOW" />
264-->[androidx.work:work-runtime:2.7.1] AndroidManifest.xml:96:17-83
264-->[androidx.work:work-runtime:2.7.1] AndroidManifest.xml:96:25-80
265                <action android:name="android.intent.action.DEVICE_STORAGE_OK" />
265-->[androidx.work:work-runtime:2.7.1] AndroidManifest.xml:97:17-82
265-->[androidx.work:work-runtime:2.7.1] AndroidManifest.xml:97:25-79
266            </intent-filter>
267        </receiver>
268        <receiver
268-->[androidx.work:work-runtime:2.7.1] AndroidManifest.xml:100:9-109:20
269            android:name="androidx.work.impl.background.systemalarm.ConstraintProxy$NetworkStateProxy"
269-->[androidx.work:work-runtime:2.7.1] AndroidManifest.xml:101:13-103
270            android:directBootAware="false"
270-->[androidx.work:work-runtime:2.7.1] AndroidManifest.xml:102:13-44
271            android:enabled="false"
271-->[androidx.work:work-runtime:2.7.1] AndroidManifest.xml:103:13-36
272            android:exported="false" >
272-->[androidx.work:work-runtime:2.7.1] AndroidManifest.xml:104:13-37
273            <intent-filter>
273-->[androidx.work:work-runtime:2.7.1] AndroidManifest.xml:106:13-108:29
274                <action android:name="android.net.conn.CONNECTIVITY_CHANGE" />
274-->[androidx.work:work-runtime:2.7.1] AndroidManifest.xml:107:17-79
274-->[androidx.work:work-runtime:2.7.1] AndroidManifest.xml:107:25-76
275            </intent-filter>
276        </receiver>
277        <receiver
277-->[androidx.work:work-runtime:2.7.1] AndroidManifest.xml:110:9-121:20
278            android:name="androidx.work.impl.background.systemalarm.RescheduleReceiver"
278-->[androidx.work:work-runtime:2.7.1] AndroidManifest.xml:111:13-88
279            android:directBootAware="false"
279-->[androidx.work:work-runtime:2.7.1] AndroidManifest.xml:112:13-44
280            android:enabled="false"
280-->[androidx.work:work-runtime:2.7.1] AndroidManifest.xml:113:13-36
281            android:exported="false" >
281-->[androidx.work:work-runtime:2.7.1] AndroidManifest.xml:114:13-37
282            <intent-filter>
282-->[androidx.work:work-runtime:2.7.1] AndroidManifest.xml:116:13-120:29
283                <action android:name="android.intent.action.BOOT_COMPLETED" />
283-->[androidx.work:work-runtime:2.7.1] AndroidManifest.xml:117:17-79
283-->[androidx.work:work-runtime:2.7.1] AndroidManifest.xml:117:25-76
284                <action android:name="android.intent.action.TIME_SET" />
284-->[androidx.work:work-runtime:2.7.1] AndroidManifest.xml:118:17-73
284-->[androidx.work:work-runtime:2.7.1] AndroidManifest.xml:118:25-70
285                <action android:name="android.intent.action.TIMEZONE_CHANGED" />
285-->[androidx.work:work-runtime:2.7.1] AndroidManifest.xml:119:17-81
285-->[androidx.work:work-runtime:2.7.1] AndroidManifest.xml:119:25-78
286            </intent-filter>
287        </receiver>
288        <receiver
288-->[androidx.work:work-runtime:2.7.1] AndroidManifest.xml:122:9-131:20
289            android:name="androidx.work.impl.background.systemalarm.ConstraintProxyUpdateReceiver"
289-->[androidx.work:work-runtime:2.7.1] AndroidManifest.xml:123:13-99
290            android:directBootAware="false"
290-->[androidx.work:work-runtime:2.7.1] AndroidManifest.xml:124:13-44
291            android:enabled="@bool/enable_system_alarm_service_default"
291-->[androidx.work:work-runtime:2.7.1] AndroidManifest.xml:125:13-72
292            android:exported="false" >
292-->[androidx.work:work-runtime:2.7.1] AndroidManifest.xml:126:13-37
293            <intent-filter>
293-->[androidx.work:work-runtime:2.7.1] AndroidManifest.xml:128:13-130:29
294                <action android:name="androidx.work.impl.background.systemalarm.UpdateProxies" />
294-->[androidx.work:work-runtime:2.7.1] AndroidManifest.xml:129:17-98
294-->[androidx.work:work-runtime:2.7.1] AndroidManifest.xml:129:25-95
295            </intent-filter>
296        </receiver>
297        <receiver
297-->[androidx.work:work-runtime:2.7.1] AndroidManifest.xml:132:9-142:20
298            android:name="androidx.work.impl.diagnostics.DiagnosticsReceiver"
298-->[androidx.work:work-runtime:2.7.1] AndroidManifest.xml:133:13-78
299            android:directBootAware="false"
299-->[androidx.work:work-runtime:2.7.1] AndroidManifest.xml:134:13-44
300            android:enabled="true"